Username: kams, Password: password123
User Data: Array
(
    [userid] => 121
    [username] => kams
    [password] => $2y$10$lO/i.9ih5VQaeXgp3qh1OO5FBU2yTJ9AoAcqJncgN4iR8NxPYmTLK
)

Username: den, Password: password123
User Data: Array
(
    [userid] => 121
    [username] => kams
    [password] => $2y$10$lO/i.9ih5VQaeXgp3qh1OO5FBU2yTJ9AoAcqJncgN4iR8NxPYmTLK
)

Username: den, Password: password123
User Data: Array
(
    [userid] => 121
    [username] => kams
    [password] => $2y$10$lO/i.9ih5VQaeXgp3qh1OO5FBU2yTJ9AoAcqJncgN4iR8NxPYmTLK
)

Username: den, Password: password123
User Data: Array
(
    [userid] => 121
    [username] => kams
    [password] => $2y$10$lO/i.9ih5VQaeXgp3qh1OO5FBU2yTJ9AoAcqJncgN4iR8NxPYmTLK
)

Username: den, Password: password123
User Data: Array
(
    [userid] => 121
    [username] => kams
    [password] => $2y$10$lO/i.9ih5VQaeXgp3qh1OO5FBU2yTJ9AoAcqJncgN4iR8NxPYmTLK
)

Username: kams, Password: password123
User Data: Array
(
    [userid] => 121
    [username] => kams
    [password] => $2y$10$lO/i.9ih5VQaeXgp3qh1OO5FBU2yTJ9AoAcqJncgN4iR8NxPYmTLK
)

Username: den, Password: password123
User Data: Array
(
    [userid] => 121
    [username] => kams
    [password] => $2y$10$lO/i.9ih5VQaeXgp3qh1OO5FBU2yTJ9AoAcqJncgN4iR8NxPYmTLK
)

Username: kams, Password: password123
User Data: Array
(
    [userid] => 121
    [username] => kams
    [password] => $2y$10$lO/i.9ih5VQaeXgp3qh1OO5FBU2yTJ9AoAcqJncgN4iR8NxPYmTLK
)

Username: den, Password: password123
User Data: Array
(
    [userid] => 121
    [username] => kams
    [password] => $2y$10$lO/i.9ih5VQaeXgp3qh1OO5FBU2yTJ9AoAcqJncgN4iR8NxPYmTLK
)

